<?xml version="1.0" encoding="UTF-8"?>
<testsuite xmlns:xsi="http://www.w3.org/2001/XMLSchema-instance" xsi:noNamespaceSchemaLocation="https://maven.apache.org/surefire/maven-surefire-plugin/xsd/surefire-test-report-3.0.xsd" version="3.0" name="com.snakeandladder.controller.GameControllerTest" time="4.052" tests="3" errors="0" skipped="0" failures="0">
  <properties>
[...]
</properties>
  <testcase name="testStartGameInvalidSize" classname="com.snakeandladder.controller.GameControllerTest" time="0.441">
    <system-out><![CDATA[15:33:21.383 [main] INFO org.springframework.test.context.support.AnnotationConfigContextLoaderUtils -- Could not detect default configuration classes for test class [com.snakeandladder.controller.GameControllerTest]: GameControllerTest does not declare any static, non-private, non-final, nested classes annotated with @Configuration.
15:33:21.496 [main] INFO org.springframework.boot.test.context.SpringBootTestContextBootstrapper -- Found @SpringBootConfiguration com.snakeandladder.SnakeLadderApplication for test class com.snakeandladder.controller.GameControllerTest

  .   ____          _            __ _ _
 /\\ / ___'_ __ _ _(_)_ __  __ _ \ \ \ \
( ( )\___ | '_ | '_| | '_ \/ _` | \ \ \ \
 \\/  ___)| |_)| | | | | || (_| |  ) ) ) )
  '  |____| .__|_| |_|_| |_\__, | / / / /
 =========|_|==============|___/=/_/_/_/
 :: Spring Boot ::                (v3.2.0)

2025-12-14T15:33:21.876+05:30  INFO 77536 --- [snake-and-ladder] [           main] c.s.controller.GameControllerTest        : Starting GameControllerTest using Java 17.0.17 with PID 77536 (started by thenu in E:\PDSA-GAME-CENTER\Snake_Backend)
2025-12-14T15:33:21.877+05:30  INFO 77536 --- [snake-and-ladder] [           main] c.s.controller.GameControllerTest        : No active profile set, falling back to 1 default profile: "default"
2025-12-14T15:33:22.380+05:30  INFO 77536 --- [snake-and-ladder] [           main] .s.d.r.c.RepositoryConfigurationDelegate : Bootstrapping Spring Data JPA repositories in DEFAULT mode.
2025-12-14T15:33:22.435+05:30  INFO 77536 --- [snake-and-ladder] [           main] .s.d.r.c.RepositoryConfigurationDelegate : Finished Spring Data repository scanning in 47 ms. Found 2 JPA repository interfaces.
2025-12-14T15:33:22.796+05:30  INFO 77536 --- [snake-and-ladder] [           main] o.hibernate.jpa.internal.util.LogHelper  : HHH000204: Processing PersistenceUnitInfo [name: default]
2025-12-14T15:33:22.869+05:30  INFO 77536 --- [snake-and-ladder] [           main] org.hibernate.Version                    : HHH000412: Hibernate ORM core version 6.3.1.Final
2025-12-14T15:33:22.903+05:30  INFO 77536 --- [snake-and-ladder] [           main] o.h.c.internal.RegionFactoryInitiator    : HHH000026: Second-level cache disabled
2025-12-14T15:33:23.125+05:30  INFO 77536 --- [snake-and-ladder] [           main] o.s.o.j.p.SpringPersistenceUnitInfo      : No LoadTimeWeaver setup: ignoring JPA class transformer
2025-12-14T15:33:23.151+05:30  INFO 77536 --- [snake-and-ladder] [           main] com.zaxxer.hikari.HikariDataSource       : HikariPool-1 - Starting...
2025-12-14T15:33:23.241+05:30  INFO 77536 --- [snake-and-ladder] [           main] com.zaxxer.hikari.pool.HikariPool        : HikariPool-1 - Added connection org.sqlite.jdbc4.JDBC4Connection@7f2b39a
2025-12-14T15:33:23.248+05:30  INFO 77536 --- [snake-and-ladder] [           main] com.zaxxer.hikari.HikariDataSource       : HikariPool-1 - Start completed.
2025-12-14T15:33:23.923+05:30  INFO 77536 --- [snake-and-ladder] [           main] o.h.e.t.j.p.i.JtaPlatformInitiator       : HHH000489: No JTA platform available (set 'hibernate.transaction.jta.platform' to enable JTA platform integration)
2025-12-14T15:33:23.947+05:30  INFO 77536 --- [snake-and-ladder] [           main] j.LocalContainerEntityManagerFactoryBean : Initialized JPA EntityManagerFactory for persistence unit 'default'
2025-12-14T15:33:24.271+05:30  WARN 77536 --- [snake-and-ladder] [           main] JpaBaseConfiguration$JpaWebConfiguration : spring.jpa.open-in-view is enabled by default. Therefore, database queries may be performed during view rendering. Explicitly configure spring.jpa.open-in-view to disable this warning
2025-12-14T15:33:24.553+05:30  INFO 77536 --- [snake-and-ladder] [           main] o.s.b.t.m.w.SpringBootMockServletContext : Initializing Spring TestDispatcherServlet ''
2025-12-14T15:33:24.553+05:30  INFO 77536 --- [snake-and-ladder] [           main] o.s.t.web.servlet.TestDispatcherServlet  : Initializing Servlet ''
2025-12-14T15:33:24.556+05:30  INFO 77536 --- [snake-and-ladder] [           main] o.s.t.web.servlet.TestDispatcherServlet  : Completed initialization in 1 ms
2025-12-14T15:33:24.591+05:30  INFO 77536 --- [snake-and-ladder] [           main] c.s.controller.GameControllerTest        : Started GameControllerTest in 2.952 seconds (process running for 3.804)
]]></system-out>
  </testcase>
  <testcase name="testStartGameSuccess" classname="com.snakeandladder.controller.GameControllerTest" time="0.117">
    <system-out><![CDATA[Hibernate: insert into algorithm_execution (algorithm_name,board_size,execution_time_nano,result_min_throws) values (?,?,?,?)
Hibernate: select last_insert_rowid()
Hibernate: insert into algorithm_execution (algorithm_name,board_size,execution_time_nano,result_min_throws) values (?,?,?,?)
Hibernate: select last_insert_rowid()
Hibernate: insert into algorithm_execution (algorithm_name,board_size,execution_time_nano,result_min_throws) values (?,?,?,?)
Hibernate: select last_insert_rowid()
]]></system-out>
  </testcase>
  <testcase name="testStatsEndpoint" classname="com.snakeandladder.controller.GameControllerTest" time="0.105">
    <system-out><![CDATA[Hibernate: select ae1_0.id,ae1_0.algorithm_name,ae1_0.board_size,ae1_0.execution_time_nano,ae1_0.result_min_throws from algorithm_execution ae1_0
]]></system-out>
  </testcase>
</testsuite>